2021-12-12 13:15:26.866  INFO 5886 --- [main] c.d.r.RegistryFileLoaderApplication      : Starting RegistryFileLoaderApplication using Java 17.0.1 on pylypchuk-Legion-Y540-15IRH-PG0 with PID 5886 (/home/pylypchuk/projects/registry-file-loader/target/classes started by pylypchuk in /home/pylypchuk/projects/registry-file-loader)
2021-12-12 13:15:26.884  INFO 5886 --- [main] c.d.r.RegistryFileLoaderApplication      : No active profile set, falling back to default profiles: default
2021-12-12 13:15:27.204  INFO 5886 --- [main] .s.d.r.c.RepositoryConfigurationDelegate : Bootstrapping Spring Data MongoDB repositories in DEFAULT mode.
2021-12-12 13:15:27.213  INFO 5886 --- [main] .s.d.r.c.RepositoryConfigurationDelegate : Finished Spring Data repository scanning in 4 ms. Found 0 MongoDB repository interfaces.
2021-12-12 13:15:27.490  INFO 5886 --- [main] org.mongodb.driver.cluster               : Cluster created with settings {hosts=[localhost:27017], mode=SINGLE, requiredClusterType=UNKNOWN, serverSelectionTimeout='30000 ms'}
2021-12-12 13:15:27.533  INFO 5886 --- [cluster-ClusterId{value='61b5d9cfc991b246309a7790', description='null'}-localhost:27017] org.mongodb.driver.cluster               : Exception in monitor thread while connecting to server localhost:27017

com.mongodb.MongoSocketOpenException: Exception opening socket
	at com.mongodb.internal.connection.SocketStream.open(SocketStream.java:70) ~[mongodb-driver-core-4.4.0.jar:na]
	at com.mongodb.internal.connection.InternalStreamConnection.open(InternalStreamConnection.java:180) ~[mongodb-driver-core-4.4.0.jar:na]
	at com.mongodb.internal.connection.DefaultServerMonitor$ServerMonitorRunnable.lookupServerDescription(DefaultServerMonitor.java:188) ~[mongodb-driver-core-4.4.0.jar:na]
	at com.mongodb.internal.connection.DefaultServerMonitor$ServerMonitorRunnable.run(DefaultServerMonitor.java:152) ~[mongodb-driver-core-4.4.0.jar:na]
	at java.base/java.lang.Thread.run(Thread.java:833) ~[na:na]
Caused by: java.net.ConnectException: Connection refused
	at java.base/sun.nio.ch.Net.pollConnect(Native Method) ~[na:na]
	at java.base/sun.nio.ch.Net.pollConnectNow(Net.java:672) ~[na:na]
	at java.base/sun.nio.ch.NioSocketImpl.timedFinishConnect(NioSocketImpl.java:542) ~[na:na]
	at java.base/sun.nio.ch.NioSocketImpl.connect(NioSocketImpl.java:597) ~[na:na]
	at java.base/java.net.SocksSocketImpl.connect(SocksSocketImpl.java:327) ~[na:na]
	at java.base/java.net.Socket.connect(Socket.java:633) ~[na:na]
	at com.mongodb.internal.connection.SocketStreamHelper.initialize(SocketStreamHelper.java:107) ~[mongodb-driver-core-4.4.0.jar:na]
	at com.mongodb.internal.connection.SocketStream.initializeSocket(SocketStream.java:79) ~[mongodb-driver-core-4.4.0.jar:na]
	at com.mongodb.internal.connection.SocketStream.open(SocketStream.java:65) ~[mongodb-driver-core-4.4.0.jar:na]
	... 4 common frames omitted

2021-12-12 13:15:27.728  INFO 5886 --- [main] c.d.r.RegistryFileLoaderApplication      : Started RegistryFileLoaderApplication in 1.206 seconds (JVM running for 2.016)
2021-12-12 13:15:27.730  INFO 5886 --- [main] c.d.r.service.FileLoadService            : Started
2021-12-12 13:15:27.733  INFO 5886 --- [main] c.d.r.service.WebConnectionService       : Fetching https://data.gov.ua/global_search?q=%D0%BF%D0%B5%D1%80%D0%B5%D0%BB%D1%96%D0%BA+%D0%BF%D1%96%D0%B4%D0%BF%D1%80%D0%B8%D1%94%D0%BC%D1%81%D1%82%D0%B2&type=all&page=1
2021-12-12 13:15:28.688  INFO 5886 --- [main] c.d.r.service.WebConnectionService       : Fetching https://data.gov.ua/dataset/a3dc3763-efc8-47f0-8d3c-09046cee8e21
2021-12-12 13:22:13.048  INFO 5886 --- [main] c.d.r.service.WebConnectionService       : Fetching https://data.gov.ua/dataset/3b846079-e369-42e4-8dc1-51b71a2c72d2
2021-12-12 13:30:27.721  INFO 9034 --- [main] c.d.r.RegistryFileLoaderApplication      : Starting RegistryFileLoaderApplication using Java 17.0.1 on pylypchuk-Legion-Y540-15IRH-PG0 with PID 9034 (/home/pylypchuk/projects/registry-file-loader/target/classes started by pylypchuk in /home/pylypchuk/projects/registry-file-loader)
2021-12-12 13:30:27.722  INFO 9034 --- [main] c.d.r.RegistryFileLoaderApplication      : No active profile set, falling back to default profiles: default
2021-12-12 13:30:28.019  INFO 9034 --- [main] .s.d.r.c.RepositoryConfigurationDelegate : Bootstrapping Spring Data MongoDB repositories in DEFAULT mode.
2021-12-12 13:30:28.027  INFO 9034 --- [main] .s.d.r.c.RepositoryConfigurationDelegate : Finished Spring Data repository scanning in 4 ms. Found 0 MongoDB repository interfaces.
2021-12-12 13:30:28.269  INFO 9034 --- [main] org.mongodb.driver.cluster               : Cluster created with settings {hosts=[localhost:27017], mode=SINGLE, requiredClusterType=UNKNOWN, serverSelectionTimeout='30000 ms'}
2021-12-12 13:30:28.307  INFO 9034 --- [cluster-ClusterId{value='61b5dd54d825944c38f95131', description='null'}-localhost:27017] org.mongodb.driver.cluster               : Exception in monitor thread while connecting to server localhost:27017

com.mongodb.MongoSocketOpenException: Exception opening socket
	at com.mongodb.internal.connection.SocketStream.open(SocketStream.java:70) ~[mongodb-driver-core-4.4.0.jar:na]
	at com.mongodb.internal.connection.InternalStreamConnection.open(InternalStreamConnection.java:180) ~[mongodb-driver-core-4.4.0.jar:na]
	at com.mongodb.internal.connection.DefaultServerMonitor$ServerMonitorRunnable.lookupServerDescription(DefaultServerMonitor.java:188) ~[mongodb-driver-core-4.4.0.jar:na]
	at com.mongodb.internal.connection.DefaultServerMonitor$ServerMonitorRunnable.run(DefaultServerMonitor.java:152) ~[mongodb-driver-core-4.4.0.jar:na]
	at java.base/java.lang.Thread.run(Thread.java:833) ~[na:na]
Caused by: java.net.ConnectException: Connection refused
	at java.base/sun.nio.ch.Net.pollConnect(Native Method) ~[na:na]
	at java.base/sun.nio.ch.Net.pollConnectNow(Net.java:672) ~[na:na]
	at java.base/sun.nio.ch.NioSocketImpl.timedFinishConnect(NioSocketImpl.java:542) ~[na:na]
	at java.base/sun.nio.ch.NioSocketImpl.connect(NioSocketImpl.java:597) ~[na:na]
	at java.base/java.net.SocksSocketImpl.connect(SocksSocketImpl.java:327) ~[na:na]
	at java.base/java.net.Socket.connect(Socket.java:633) ~[na:na]
	at com.mongodb.internal.connection.SocketStreamHelper.initialize(SocketStreamHelper.java:107) ~[mongodb-driver-core-4.4.0.jar:na]
	at com.mongodb.internal.connection.SocketStream.initializeSocket(SocketStream.java:79) ~[mongodb-driver-core-4.4.0.jar:na]
	at com.mongodb.internal.connection.SocketStream.open(SocketStream.java:65) ~[mongodb-driver-core-4.4.0.jar:na]
	... 4 common frames omitted

2021-12-12 13:30:28.523  INFO 9034 --- [main] c.d.r.RegistryFileLoaderApplication      : Started RegistryFileLoaderApplication in 1.215 seconds (JVM running for 1.589)
2021-12-12 13:30:28.526  INFO 9034 --- [main] c.d.r.service.FileLoadService            : Started
2021-12-12 13:30:28.529  INFO 9034 --- [main] c.d.r.service.WebConnectionService       : Fetching https://data.gov.ua/global_search?q=%D0%BF%D0%B5%D1%80%D0%B5%D0%BB%D1%96%D0%BA+%D0%BF%D1%96%D0%B4%D0%BF%D1%80%D0%B8%D1%94%D0%BC%D1%81%D1%82%D0%B2&type=all&page=1
2021-12-12 13:30:29.398  INFO 9034 --- [main] c.d.r.service.WebConnectionService       : Fetching https://data.gov.ua/dataset/a3dc3763-efc8-47f0-8d3c-09046cee8e21
2021-12-12 13:30:30.808  INFO 9034 --- [main] c.d.r.service.FileLoadService            : Downloading https://data.gov.ua/dataset/fb0f672b-88af-4ab1-8caa-8d35d356dc76/resource/ef751f55-6c16-4635-a9ac-bef2d0c6b5e6/download/miev1009.xlsx
2021-12-12 13:30:35.272  INFO 9034 --- [main] c.d.r.service.FileLoadService            : Downloading https://data.gov.ua/dataset/fb0f672b-88af-4ab1-8caa-8d35d356dc76/resource/35ebe2d7-3bb0-42f7-aa8d-4da238a80b55/download/mi01-pivr.xlsx
2021-12-12 13:31:11.262  INFO 9034 --- [main] c.d.r.service.FileLoadService            : Downloading https://data.gov.ua/dataset/fb0f672b-88af-4ab1-8caa-8d35d356dc76/resource/701344d6-7465-4ace-a8ad-a4ca140c96db/download/mi01kv.xls
2021-12-12 13:31:13.132  INFO 9034 --- [main] c.d.r.service.FileLoadService            : Downloading https://data.gov.ua/dataset/fb0f672b-88af-4ab1-8caa-8d35d356dc76/resource/d5507f70-833b-465c-bd0c-10406a942d5c/download/mev10.xls
2021-12-12 13:31:15.831  INFO 9034 --- [main] c.d.r.service.FileLoadService            : Downloading https://data.gov.ua/dataset/fb0f672b-88af-4ab1-8caa-8d35d356dc76/resource/1815dfc1-dcb8-4239-a4dd-b50110797966/download/nedoimshch-2020.xls
2021-12-12 13:31:17.571  INFO 9034 --- [main] c.d.r.service.FileLoadService            : Downloading https://data.gov.ua/dataset/fb0f672b-88af-4ab1-8caa-8d35d356dc76/resource/47902056-6c0e-4671-bafe-2e8aa86f4067/download/borzhniki.xls
2021-12-12 13:31:36.247  INFO 9034 --- [main] c.d.r.service.FileLoadService            : Downloading https://data.gov.ua/dataset/fb0f672b-88af-4ab1-8caa-8d35d356dc76/resource/dae80cc8-ac79-4609-8763-81ff1c454828/download/borzhniki-1-kv.xls
2021-12-12 13:48:07.832  INFO 10157 --- [main] c.d.r.RegistryFileLoaderApplication      : Starting RegistryFileLoaderApplication using Java 17.0.1 on pylypchuk-Legion-Y540-15IRH-PG0 with PID 10157 (/home/pylypchuk/projects/registry-file-loader/target/classes started by pylypchuk in /home/pylypchuk/projects/registry-file-loader)
2021-12-12 13:48:07.834  INFO 10157 --- [main] c.d.r.RegistryFileLoaderApplication      : No active profile set, falling back to default profiles: default
2021-12-12 13:48:08.041  INFO 10157 --- [main] .s.d.r.c.RepositoryConfigurationDelegate : Bootstrapping Spring Data MongoDB repositories in DEFAULT mode.
2021-12-12 13:48:08.047  INFO 10157 --- [main] .s.d.r.c.RepositoryConfigurationDelegate : Finished Spring Data repository scanning in 3 ms. Found 0 MongoDB repository interfaces.
2021-12-12 13:48:08.170  INFO 10157 --- [main] org.mongodb.driver.cluster               : Cluster created with settings {hosts=[localhost:27017], mode=SINGLE, requiredClusterType=UNKNOWN, serverSelectionTimeout='30000 ms'}
2021-12-12 13:48:08.273  WARN 10157 --- [main] s.c.a.AnnotationConfigApplicationContext : Exception encountered during context initialization - cancelling refresh attempt: org.springframework.beans.factory.UnsatisfiedDependencyException: Error creating bean with name 'registryFileLoaderApplication': Unsatisfied dependency expressed through constructor parameter 0; nested exception is org.springframework.beans.factory.UnsatisfiedDependencyException: Error creating bean with name 'fileLoadService' defined in file [/home/pylypchuk/projects/registry-file-loader/target/classes/com/datapath/registryfileloader/service/FileLoadService.class]: Unsatisfied dependency expressed through constructor parameter 2; nested exception is org.springframework.beans.factory.UnsatisfiedDependencyException: Error creating bean with name 'daoService' defined in file [/home/pylypchuk/projects/registry-file-loader/target/classes/com/datapath/registryfileloader/dao/DaoService.class]: Unsatisfied dependency expressed through constructor parameter 1; nested exception is org.springframework.beans.factory.NoSuchBeanDefinitionException: No qualifying bean of type 'com.fasterxml.jackson.databind.ObjectMapper' available: expected at least 1 bean which qualifies as autowire candidate. Dependency annotations: {}
2021-12-12 13:48:08.279  INFO 10157 --- [main] ConditionEvaluationReportLoggingListener : 

Error starting ApplicationContext. To display the conditions report re-run your application with 'debug' enabled.
2021-12-12 13:48:08.291 ERROR 10157 --- [main] o.s.b.d.LoggingFailureAnalysisReporter   : 

***************************
APPLICATION FAILED TO START
***************************

Description:

Parameter 1 of constructor in com.datapath.registryfileloader.dao.DaoService required a bean of type 'com.fasterxml.jackson.databind.ObjectMapper' that could not be found.


Action:

Consider defining a bean of type 'com.fasterxml.jackson.databind.ObjectMapper' in your configuration.

2021-12-12 13:48:52.119  INFO 10255 --- [main] c.d.r.RegistryFileLoaderApplication      : Starting RegistryFileLoaderApplication using Java 17.0.1 on pylypchuk-Legion-Y540-15IRH-PG0 with PID 10255 (/home/pylypchuk/projects/registry-file-loader/target/classes started by pylypchuk in /home/pylypchuk/projects/registry-file-loader)
2021-12-12 13:48:52.120  INFO 10255 --- [main] c.d.r.RegistryFileLoaderApplication      : No active profile set, falling back to default profiles: default
2021-12-12 13:48:52.311  INFO 10255 --- [main] .s.d.r.c.RepositoryConfigurationDelegate : Bootstrapping Spring Data MongoDB repositories in DEFAULT mode.
2021-12-12 13:48:52.317  INFO 10255 --- [main] .s.d.r.c.RepositoryConfigurationDelegate : Finished Spring Data repository scanning in 3 ms. Found 0 MongoDB repository interfaces.
2021-12-12 13:48:52.439  INFO 10255 --- [main] org.mongodb.driver.cluster               : Cluster created with settings {hosts=[localhost:27017], mode=SINGLE, requiredClusterType=UNKNOWN, serverSelectionTimeout='30000 ms'}
2021-12-12 13:48:52.547  INFO 10255 --- [cluster-rtt-ClusterId{value='61b5e1a4bee7064e9ba2aa4d', description='null'}-localhost:27017] org.mongodb.driver.connection            : Opened connection [connectionId{localValue:2, serverValue:2004}] to localhost:27017
2021-12-12 13:48:52.627  INFO 10255 --- [cluster-ClusterId{value='61b5e1a4bee7064e9ba2aa4d', description='null'}-localhost:27017] org.mongodb.driver.connection            : Opened connection [connectionId{localValue:1, serverValue:2005}] to localhost:27017
2021-12-12 13:48:52.628  INFO 10255 --- [cluster-ClusterId{value='61b5e1a4bee7064e9ba2aa4d', description='null'}-localhost:27017] org.mongodb.driver.cluster               : Monitor thread successfully connected to server with description ServerDescription{address=localhost:27017, type=STANDALONE, state=CONNECTED, ok=true, minWireVersion=0, maxWireVersion=13, maxDocumentSize=16777216, logicalSessionTimeoutMinutes=30, roundTripTimeNanos=171106633}
2021-12-12 13:48:52.658  INFO 10255 --- [main] c.d.r.RegistryFileLoaderApplication      : Started RegistryFileLoaderApplication in 0.753 seconds (JVM running for 1.231)
2021-12-12 13:48:52.660  INFO 10255 --- [main] c.d.r.service.FileLoadService            : Started
2021-12-12 13:48:52.661  INFO 10255 --- [main] c.d.r.service.WebConnectionService       : Fetching https://data.gov.ua/global_search?q=%D0%BF%D0%B5%D1%80%D0%B5%D0%BB%D1%96%D0%BA+%D0%BF%D1%96%D0%B4%D0%BF%D1%80%D0%B8%D1%94%D0%BC%D1%81%D1%82%D0%B2&type=all&page=1
2021-12-12 13:48:54.396  INFO 10255 --- [main] c.d.r.service.WebConnectionService       : Fetching https://data.gov.ua/dataset/a3dc3763-efc8-47f0-8d3c-09046cee8e21
2021-12-12 13:49:06.961  INFO 10255 --- [main] org.mongodb.driver.connection            : Opened connection [connectionId{localValue:3, serverValue:2006}] to localhost:27017
2021-12-12 13:49:12.391  INFO 10255 --- [main] c.d.r.service.FileLoadService            : Downloading https://data.gov.ua/dataset/fb0f672b-88af-4ab1-8caa-8d35d356dc76/resource/ef751f55-6c16-4635-a9ac-bef2d0c6b5e6/download/miev1009.xlsx
